Log file open, 09/19/19 00:19:36
LogWindows: Failed to load 'aqProf.dll' (GetLastError=126)
LogWindows: File 'aqProf.dll' does not exist
LogWindows: Failed to load 'VtuneApi.dll' (GetLastError=126)
LogWindows: File 'VtuneApi.dll' does not exist
LogWindows: Failed to load 'VtuneApi32e.dll' (GetLastError=126)
LogWindows: File 'VtuneApi32e.dll' does not exist
LogConsoleResponse: Display: Failed to find resolution value strings in scalability ini. Falling back to default.
LogInit: Display: Running engine for game: AnimGA
LogPakFile: Registered encryption key '00000000000000000000000000000000': 0 pak files mounted, 0 remain pending
LogPlatformFile: Not using cached read wrapper
LogTaskGraph: Started task graph with 5 named threads and 23 total threads with 3 sets of task threads.
LogStats: Stats thread started at 0.314847
LogD3D11RHI: Loaded GFSDK_Aftermath_Lib.x64.dll
LogICUInternationalization: ICU TimeZone Detection - Raw Offset: -3:00, Platform Override: ''
LogPluginManager: Mounting plugin Paper2D
LogPluginManager: Mounting plugin AISupport
LogPluginManager: Mounting plugin LightPropagationVolume
LogPluginManager: Mounting plugin ActorLayerUtilities
LogPluginManager: Mounting plugin AnimationSharing
LogPluginManager: Mounting plugin CLionSourceCodeAccess
LogPluginManager: Mounting plugin CodeLiteSourceCodeAccess
LogPluginManager: Mounting plugin GitSourceControl
LogPluginManager: Mounting plugin KDevelopSourceCodeAccess
LogPluginManager: Mounting plugin NullSourceCodeAccess
LogPluginManager: Mounting plugin PerforceSourceControl
LogPluginManager: Mounting plugin SubversionSourceControl
LogPluginManager: Mounting plugin UObjectPlugin
LogPluginManager: Mounting plugin VisualStudioCodeSourceCodeAccess
LogPluginManager: Mounting plugin VisualStudioSourceCodeAccess
LogPluginManager: Mounting plugin XCodeSourceCodeAccess
LogPluginManager: Mounting plugin AssetManagerEditor
LogPluginManager: Mounting plugin CryptoKeys
LogPluginManager: Mounting plugin DataValidation
LogPluginManager: Mounting plugin FacialAnimation
LogPluginManager: Mounting plugin GameplayTagsEditor
LogPluginManager: Mounting plugin MacGraphicsSwitching
LogPluginManager: Mounting plugin MaterialAnalyzer
LogPluginManager: Mounting plugin MobileLauncherProfileWizard
LogPluginManager: Mounting plugin PluginBrowser
LogPluginManager: Mounting plugin SpeedTreeImporter
LogPluginManager: Mounting plugin DatasmithContent
LogPluginManager: Mounting plugin VariantManagerContent
LogPluginManager: Mounting plugin AlembicImporter
LogPluginManager: Mounting plugin AppleImageUtils
LogPluginManager: Mounting plugin AppleVision
LogPluginManager: Mounting plugin BackChannel
LogPluginManager: Mounting plugin CharacterAI
LogPluginManager: Mounting plugin GeometryCache
LogPluginManager: Mounting plugin HTML5Networking
LogPluginManager: Mounting plugin ProxyLODPlugin
LogPluginManager: Mounting plugin SkeletalReduction
LogPluginManager: Mounting plugin MagicLeap
LogPluginManager: Mounting plugin MagicLeapMedia
LogPluginManager: Mounting plugin AndroidMedia
LogPluginManager: Mounting plugin AvfMedia
LogPluginManager: Mounting plugin ImgMedia
LogPluginManager: Mounting plugin LinearTimecode
LogPluginManager: Mounting plugin MediaCompositing
LogPluginManager: Mounting plugin MediaPlayerEditor
LogPluginManager: Mounting plugin WebMMedia
LogPluginManager: Mounting plugin WmfMedia
LogPluginManager: Mounting plugin TcpMessaging
LogPluginManager: Mounting plugin UdpMessaging
LogPluginManager: Mounting plugin ActorSequence
LogPluginManager: Mounting plugin LevelSequenceEditor
LogPluginManager: Mounting plugin MatineeToLevelSequence
LogPluginManager: Mounting plugin NetcodeUnitTest
LogPluginManager: Mounting plugin NUTUnrealEngine4
LogPluginManager: Mounting plugin OnlineSubsystemGooglePlay
LogPluginManager: Mounting plugin OnlineSubsystemIOS
LogPluginManager: Mounting plugin OnlineSubsystem
LogPluginManager: Mounting plugin OnlineSubsystemNull
LogPluginManager: Mounting plugin OnlineSubsystemUtils
LogPluginManager: Mounting plugin LauncherChunkInstaller
LogPluginManager: Mounting plugin AndroidDeviceProfileSelector
LogPluginManager: Mounting plugin AndroidMoviePlayer
LogPluginManager: Mounting plugin AndroidPermission
LogPluginManager: Mounting plugin AppleMoviePlayer
LogPluginManager: Mounting plugin ArchVisCharacter
LogPluginManager: Mounting plugin AudioCapture
LogPluginManager: Mounting plugin CableComponent
LogPluginManager: Mounting plugin CustomMeshComponent
LogPluginManager: Mounting plugin EditableMesh
LogPluginManager: Mounting plugin ExampleDeviceProfileSelector
LogPluginManager: Mounting plugin Firebase
LogPluginManager: Mounting plugin GoogleCloudMessaging
LogPluginManager: Mounting plugin IOSDeviceProfileSelector
LogPluginManager: Mounting plugin LinuxDeviceProfileSelector
LogPluginManager: Mounting plugin LocationServicesBPLibrary
LogPluginManager: Mounting plugin MobilePatchingUtils
LogPluginManager: Mounting plugin OculusVR
LogPluginManager: Mounting plugin PhysXVehicles
LogPluginManager: Mounting plugin ProceduralMeshComponent
LogPluginManager: Mounting plugin RuntimePhysXCooking
LogPluginManager: Mounting plugin SignificanceManager
LogPluginManager: Mounting plugin SteamVR
LogPluginManager: Mounting plugin TimeSynth
LogPluginManager: Mounting plugin WebMMoviePlayer
LogPluginManager: Mounting plugin WindowsMoviePlayer
LogInit: Using libcurl 7.55.1-DEV
LogInit:  - built for x86_64-pc-win32
LogInit:  - supports SSL with OpenSSL/1.1.1
LogInit:  - supports HTTP deflate (compression) using libz 1.2.8
LogInit:  - other features:
LogInit:      CURL_VERSION_SSL
LogInit:      CURL_VERSION_LIBZ
LogInit:      CURL_VERSION_IPV6
LogInit:      CURL_VERSION_ASYNCHDNS
LogInit:      CURL_VERSION_LARGEFILE
LogInit:      CURL_VERSION_IDN
LogInit:  CurlRequestOptions (configurable via config and command line):
LogInit:  - bVerifyPeer = true  - Libcurl will verify peer certificate
LogInit:  - bUseHttpProxy = false  - Libcurl will NOT use HTTP proxy
LogInit:  - bDontReuseConnections = false  - Libcurl will reuse connections
LogInit:  - MaxHostConnections = 16  - Libcurl will limit the number of connections to a host
LogInit:  - LocalHostAddr = Default
LogInit:  - BufferSize = 65536
LogInit: WinSock: version 1.1 (2.2), MaxSocks=32767, MaxUdp=65467
LogInit: Build: ++UE4+Release-4.22-CL-7053642
LogInit: Engine Version: 4.22.3-7053642+++UE4+Release-4.22
LogInit: Compatible Engine Version: 4.22.0-5660361+++UE4+Release-4.22
LogInit: Net CL: 5660361
LogInit: OS: Windows 10 (Release 1803) (), CPU:         Intel(R) Core(TM) i7-3770 CPU @ 3.40GHz, GPU: NVIDIA GeForce GTX 1060 6GB
LogInit: Compiled (64-bit): Jun 18 2019 03:09:11
LogInit: Compiled with Visual C++: 19.16.27025.01
LogInit: Build Configuration: Development
LogInit: Branch Name: ++UE4+Release-4.22
LogInit: Command Line: 
LogInit: Base Directory: C:/Program Files/Epic Games/UE_4.22/Engine/Binaries/Win64/
LogInit: Installed Engine Build: 1
LogDevObjectVersion: Number of dev versions registered: 23
LogDevObjectVersion:   Dev-Blueprints (B0D832E4-1F89-4F0D-ACCF-7EB736FD4AA2): 10
LogDevObjectVersion:   Dev-Build (E1C64328-A22C-4D53-A36C-8E866417BD8C): 0
LogDevObjectVersion:   Dev-Core (375EC13C-06E4-48FB-B500-84F0262A717E): 3
LogDevObjectVersion:   Dev-Editor (E4B068ED-F494-42E9-A231-DA0B2E46BB41): 30
LogDevObjectVersion:   Dev-Framework (CFFC743F-43B0-4480-9391-14DF171D2073): 35
LogDevObjectVersion:   Dev-Mobile (B02B49B5-BB20-44E9-A304-32B752E40360): 2
LogDevObjectVersion:   Dev-Networking (A4E4105C-59A1-49B5-A7C5-40C4547EDFEE): 0
LogDevObjectVersion:   Dev-Online (39C831C9-5AE6-47DC-9A44-9C173E1C8E7C): 0
LogDevObjectVersion:   Dev-Physics (78F01B33-EBEA-4F98-B9B4-84EACCB95AA2): 0
LogDevObjectVersion:   Dev-Platform (6631380F-2D4D-43E0-8009-CF276956A95A): 0
LogDevObjectVersion:   Dev-Rendering (12F88B9F-8875-4AFC-A67C-D90C383ABD29): 28
LogDevObjectVersion:   Dev-Sequencer (7B5AE74C-D270-4C10-A958-57980B212A5A): 11
LogDevObjectVersion:   Dev-VR (D7296918-1DD6-4BDD-9DE2-64A83CC13884): 2
LogDevObjectVersion:   Dev-LoadTimes (C2A15278-BFE7-4AFE-6C17-90FF531DF755): 1
LogDevObjectVersion:   Private-Geometry (6EACA3D4-40EC-4CC1-B786-8BED09428FC5): 3
LogDevObjectVersion:   Dev-AnimPhys (29E575DD-E0A3-4627-9D10-D276232CDCEA): 17
LogDevObjectVersion:   Dev-Anim (AF43A65D-7FD3-4947-9873-3E8ED9C1BB05): 2
LogDevObjectVersion:   Dev-ReflectionCapture (6B266CEC-1EC7-4B8F-A30B-E4D90942FC07): 1
LogDevObjectVersion:   Dev-Automation (0DF73D61-A23F-47EA-B727-89E90C41499A): 1
LogDevObjectVersion:   FortniteMain (601D1886-AC64-4F84-AA16-D3DE0DEAC7D6): 25
LogDevObjectVersion:   Dev-Enterprise (9DFFBCD6-494F-0158-E221-12823C92A888): 6
LogDevObjectVersion:   Dev-Niagara (F2AED0AC-9AFE-416F-8664-AA7FFA26D6FC): 1
LogDevObjectVersion:   Dev-Destruction (174F1F0B-B4C6-45A5-B13F-2EE8D0FB917D): 2
LogInit: Presizing for max 16777216 objects, including 0 objects not considered by GC, pre-allocating 0 bytes for permanent pool.
LogInit: Object subsystem initialized
LogConfig: Setting CVar [[con.DebugEarlyDefault:1]]
LogConfig: Setting CVar [[r.setres:1280x720]]
[2019.09.19-03.19.37:281][  0]LogConfig: Setting CVar [[r.VSync:0]]
[2019.09.19-03.19.37:282][  0]LogConfig: Setting CVar [[r.RHICmdBypass:0]]
[2019.09.19-03.19.37:282][  0]LogConfig: Applying CVar settings from Section [/Script/Engine.RendererSettings] File [C:/Users/Alexandre/Desktop/AnimGA/Saved/Config/Windows/Engine.ini]
[2019.09.19-03.19.37:282][  0]LogConfig: Setting CVar [[r.GPUCrashDebugging:0]]
[2019.09.19-03.19.37:282][  0]LogConfig: Setting CVar [[r.DefaultFeature.AutoExposure.ExtendDefaultLuminanceRange:1]]
[2019.09.19-03.19.37:282][  0]LogConfig: Applying CVar settings from Section [/Script/Engine.RendererOverrideSettings] File [C:/Users/Alexandre/Desktop/AnimGA/Saved/Config/Windows/Engine.ini]
[2019.09.19-03.19.37:282][  0]LogConfig: Applying CVar settings from Section [/Script/Engine.StreamingSettings] File [C:/Users/Alexandre/Desktop/AnimGA/Saved/Config/Windows/Engine.ini]
[2019.09.19-03.19.37:282][  0]LogConfig: Setting CVar [[s.MinBulkDataSizeForAsyncLoading:131072]]
[2019.09.19-03.19.37:282][  0]LogConfig: Setting CVar [[s.AsyncLoadingThreadEnabled:0]]
[2019.09.19-03.19.37:282][  0]LogConfig: Setting CVar [[s.EventDrivenLoaderEnabled:1]]
[2019.09.19-03.19.37:282][  0]LogConfig: Setting CVar [[s.WarnIfTimeLimitExceeded:0]]
[2019.09.19-03.19.37:282][  0]LogConfig: Setting CVar [[s.TimeLimitExceededMultiplier:1.5]]
[2019.09.19-03.19.37:282][  0]LogConfig: Setting CVar [[s.TimeLimitExceededMinTime:0.005]]
[2019.09.19-03.19.37:282][  0]LogConfig: Setting CVar [[s.UseBackgroundLevelStreaming:1]]
[2019.09.19-03.19.37:282][  0]LogConfig: Setting CVar [[s.PriorityAsyncLoadingExtraTime:15.0]]
[2019.09.19-03.19.37:282][  0]LogConfig: Setting CVar [[s.LevelStreamingActorsUpdateTimeLimit:5.0]]
[2019.09.19-03.19.37:282][  0]LogConfig: Setting CVar [[s.PriorityLevelStreamingActorsUpdateExtraTime:5.0]]
[2019.09.19-03.19.37:282][  0]LogConfig: Setting CVar [[s.LevelStreamingComponentsRegistrationGranularity:10]]
[2019.09.19-03.19.37:282][  0]LogConfig: Setting CVar [[s.UnregisterComponentsTimeLimit:1.0]]
[2019.09.19-03.19.37:282][  0]LogConfig: Setting CVar [[s.LevelStreamingComponentsUnregistrationGranularity:5]]
[2019.09.19-03.19.37:282][  0]LogConfig: Applying CVar settings from Section [/Script/Engine.GarbageCollectionSettings] File [C:/Users/Alexandre/Desktop/AnimGA/Saved/Config/Windows/Engine.ini]
[2019.09.19-03.19.37:282][  0]LogConfig: Setting CVar [[gc.MaxObjectsNotConsideredByGC:1]]
[2019.09.19-03.19.37:282][  0]LogConfig: Setting CVar [[gc.SizeOfPermanentObjectPool:0]]
[2019.09.19-03.19.37:282][  0]LogConfig: Setting CVar [[gc.FlushStreamingOnGC:0]]
[2019.09.19-03.19.37:282][  0]LogConfig: Setting CVar [[gc.NumRetriesBeforeForcingGC:10]]
[2019.09.19-03.19.37:282][  0]LogConfig: Setting CVar [[gc.AllowParallelGC:1]]
[2019.09.19-03.19.37:282][  0]LogConfig: Setting CVar [[gc.TimeBetweenPurgingPendingKillObjects:61.1]]
[2019.09.19-03.19.37:282][  0]LogConfig: Setting CVar [[gc.MaxObjectsInEditor:16777216]]
[2019.09.19-03.19.37:282][  0]LogConfig: Setting CVar [[gc.IncrementalBeginDestroyEnabled:1]]
[2019.09.19-03.19.37:282][  0]LogConfig: Setting CVar [[gc.CreateGCClusters:1]]
[2019.09.19-03.19.37:282][  0]LogConfig: Setting CVar [[gc.MinGCClusterSize:5]]
[2019.09.19-03.19.37:282][  0]LogConfig: Setting CVar [[gc.ActorClusteringEnabled:0]]
[2019.09.19-03.19.37:282][  0]LogConfig: Setting CVar [[gc.BlueprintClusteringEnabled:0]]
[2019.09.19-03.19.37:282][  0]LogConfig: Setting CVar [[gc.UseDisregardForGCOnDedicatedServers:0]]
[2019.09.19-03.19.37:282][  0]LogConfig: Applying CVar settings from Section [/Script/Engine.NetworkSettings] File [C:/Users/Alexandre/Desktop/AnimGA/Saved/Config/Windows/Engine.ini]
[2019.09.19-03.19.37:282][  0]LogConfig: Applying CVar settings from Section [/Script/UnrealEd.CookerSettings] File [C:/Users/Alexandre/Desktop/AnimGA/Saved/Config/Windows/Engine.ini]
[2019.09.19-03.19.37:290][  0]LogConfig: Applying CVar settings from Section [ViewDistanceQuality@3] File [C:/Users/Alexandre/Desktop/AnimGA/Saved/Config/Windows/Scalability.ini]
[2019.09.19-03.19.37:290][  0]LogConfig: Setting CVar [[r.SkeletalMeshLODBias:0]]
[2019.09.19-03.19.37:290][  0]LogConfig: Setting CVar [[r.ViewDistanceScale:1.0]]
[2019.09.19-03.19.37:290][  0]LogConfig: Applying CVar settings from Section [AntiAliasingQuality@3] File [C:/Users/Alexandre/Desktop/AnimGA/Saved/Config/Windows/Scalability.ini]
[2019.09.19-03.19.37:290][  0]LogConfig: Setting CVar [[r.PostProcessAAQuality:4]]
[2019.09.19-03.19.37:290][  0]LogConfig: Applying CVar settings from Section [ShadowQuality@3] File [C:/Users/Alexandre/Desktop/AnimGA/Saved/Config/Windows/Scalability.ini]
[2019.09.19-03.19.37:290][  0]LogConfig: Setting CVar [[r.LightFunctionQuality:1]]
[2019.09.19-03.19.37:290][  0]LogConfig: Setting CVar [[r.ShadowQuality:5]]
[2019.09.19-03.19.37:290][  0]LogConfig: Setting CVar [[r.Shadow.CSM.MaxCascades:10]]
[2019.09.19-03.19.37:290][  0]LogConfig: Setting CVar [[r.Shadow.MaxResolution:2048]]
[2019.09.19-03.19.37:290][  0]LogConfig: Setting CVar [[r.Shadow.MaxCSMResolution:2048]]
[2019.09.19-03.19.37:290][  0]LogConfig: Setting CVar [[r.Shadow.RadiusThreshold:0.01]]
[2019.09.19-03.19.37:290][  0]LogConfig: Setting CVar [[r.Shadow.DistanceScale:1.0]]
[2019.09.19-03.19.37:290][  0]LogConfig: Setting CVar [[r.Shadow.CSM.TransitionScale:1.0]]
[2019.09.19-03.19.37:290][  0]LogConfig: Setting CVar [[r.Shadow.PreShadowResolutionFactor:1.0]]
[2019.09.19-03.19.37:290][  0]LogConfig: Setting CVar [[r.DistanceFieldShadowing:1]]
[2019.09.19-03.19.37:290][  0]LogConfig: Setting CVar [[r.DistanceFieldAO:1]]
[2019.09.19-03.19.37:290][  0]LogConfig: Setting CVar [[r.AOQuality:2]]
[2019.09.19-03.19.37:290][  0]LogConfig: Setting CVar [[r.VolumetricFog:1]]
[2019.09.19-03.19.37:290][  0]LogConfig: Setting CVar [[r.VolumetricFog.GridPixelSize:8]]
[2019.09.19-03.19.37:290][  0]LogConfig: Setting CVar [[r.VolumetricFog.GridSizeZ:128]]
[2019.09.19-03.19.37:290][  0]LogConfig: Setting CVar [[r.VolumetricFog.HistoryMissSupersampleCount:4]]
[2019.09.19-03.19.37:290][  0]LogConfig: Setting CVar [[r.LightMaxDrawDistanceScale:1]]
[2019.09.19-03.19.37:290][  0]LogConfig: Setting CVar [[r.CapsuleShadows:1]]
[2019.09.19-03.19.37:290][  0]LogConfig: Applying CVar settings from Section [PostProcessQuality@3] File [C:/Users/Alexandre/Desktop/AnimGA/Saved/Config/Windows/Scalability.ini]
[2019.09.19-03.19.37:290][  0]LogConfig: Setting CVar [[r.MotionBlurQuality:4]]
[2019.09.19-03.19.37:290][  0]LogConfig: Setting CVar [[r.AmbientOcclusionMipLevelFactor:0.4]]
[2019.09.19-03.19.37:290][  0]LogConfig: Setting CVar [[r.AmbientOcclusionMaxQuality:100]]
[2019.09.19-03.19.37:290][  0]LogConfig: Setting CVar [[r.AmbientOcclusionLevels:-1]]
[2019.09.19-03.19.37:290][  0]LogConfig: Setting CVar [[r.AmbientOcclusionRadiusScale:1.0]]
[2019.09.19-03.19.37:290][  0]LogConfig: Setting CVar [[r.DepthOfFieldQuality:2]]
[2019.09.19-03.19.37:290][  0]LogConfig: Setting CVar [[r.RenderTargetPoolMin:400]]
[2019.09.19-03.19.37:290][  0]LogConfig: Setting CVar [[r.LensFlareQuality:2]]
[2019.09.19-03.19.37:290][  0]LogConfig: Setting CVar [[r.SceneColorFringeQuality:1]]
[2019.09.19-03.19.37:290][  0]LogConfig: Setting CVar [[r.EyeAdaptationQuality:2]]
[2019.09.19-03.19.37:290][  0]LogConfig: Setting CVar [[r.BloomQuality:5]]
[2019.09.19-03.19.37:290][  0]LogConfig: Setting CVar [[r.FastBlurThreshold:100]]
[2019.09.19-03.19.37:290][  0]LogConfig: Setting CVar [[r.Upscale.Quality:3]]
[2019.09.19-03.19.37:290][  0]LogConfig: Setting CVar [[r.Tonemapper.GrainQuantization:1]]
[2019.09.19-03.19.37:290][  0]LogConfig: Setting CVar [[r.LightShaftQuality:1]]
[2019.09.19-03.19.37:290][  0]LogConfig: Setting CVar [[r.Filter.SizeScale:1]]
[2019.09.19-03.19.37:290][  0]LogConfig: Setting CVar [[r.Tonemapper.Quality:5]]
[2019.09.19-03.19.37:290][  0]LogConfig: Setting CVar [[r.DOF.Gather.AccumulatorQuality:1        ; higher gathering accumulator quality]]
[2019.09.19-03.19.37:290][  0]LogConfig: Setting CVar [[r.DOF.Gather.PostfilterMethod:1          ; Median3x3 postfilering method]]
[2019.09.19-03.19.37:290][  0]LogConfig: Setting CVar [[r.DOF.Gather.EnableBokehSettings:0       ; no bokeh simulation when gathering]]
[2019.09.19-03.19.37:290][  0]LogConfig: Setting CVar [[r.DOF.Gather.RingCount:4                 ; medium number of samples when gathering]]
[2019.09.19-03.19.37:290][  0]LogConfig: Setting CVar [[r.DOF.Scatter.ForegroundCompositing:1    ; additive foreground scattering]]
[2019.09.19-03.19.37:290][  0]LogConfig: Setting CVar [[r.DOF.Scatter.BackgroundCompositing:2    ; additive background scattering]]
[2019.09.19-03.19.37:290][  0]LogConfig: Setting CVar [[r.DOF.Scatter.EnableBokehSettings:1      ; bokeh simulation when scattering]]
[2019.09.19-03.19.37:290][  0]LogConfig: Setting CVar [[r.DOF.Scatter.MaxSpriteRatio:0.1         ; only a maximum of 10% of scattered bokeh]]
[2019.09.19-03.19.37:291][  0]LogConfig: Setting CVar [[r.DOF.Recombine.Quality:1                ; cheap slight out of focus]]
[2019.09.19-03.19.37:291][  0]LogConfig: Setting CVar [[r.DOF.Recombine.EnableBokehSettings:0    ; no bokeh simulation on slight out of focus]]
[2019.09.19-03.19.37:291][  0]LogConfig: Setting CVar [[r.DOF.TemporalAAQuality:1                ; more stable temporal accumulation]]
[2019.09.19-03.19.37:291][  0]LogConfig: Setting CVar [[r.DOF.Kernel.MaxForegroundRadius:0.025]]
[2019.09.19-03.19.37:291][  0]LogConfig: Setting CVar [[r.DOF.Kernel.MaxBackgroundRadius:0.025]]
[2019.09.19-03.19.37:291][  0]LogConfig: Applying CVar settings from Section [TextureQuality@3] File [C:/Users/Alexandre/Desktop/AnimGA/Saved/Config/Windows/Scalability.ini]
[2019.09.19-03.19.37:291][  0]LogConfig: Setting CVar [[r.Streaming.MipBias:0]]
[2019.09.19-03.19.37:291][  0]LogConfig: Setting CVar [[r.Streaming.AmortizeCPUToGPUCopy:0]]
[2019.09.19-03.19.37:291][  0]LogConfig: Setting CVar [[r.Streaming.MaxNumTexturesToStreamPerFrame:0]]
[2019.09.19-03.19.37:291][  0]LogConfig: Setting CVar [[r.Streaming.Boost:1]]
[2019.09.19-03.19.37:291][  0]LogConfig: Setting CVar [[r.MaxAnisotropy:8]]
[2019.09.19-03.19.37:291][  0]LogConfig: Setting CVar [[r.Streaming.LimitPoolSizeToVRAM:0]]
[2019.09.19-03.19.37:291][  0]LogConfig: Setting CVar [[r.Streaming.PoolSize:1000]]
[2019.09.19-03.19.37:291][  0]LogConfig: Setting CVar [[r.Streaming.MaxEffectiveScreenSize:0]]
[2019.09.19-03.19.37:291][  0]LogConfig: Applying CVar settings from Section [EffectsQuality@3] File [C:/Users/Alexandre/Desktop/AnimGA/Saved/Config/Windows/Scalability.ini]
[2019.09.19-03.19.37:291][  0]LogConfig: Setting CVar [[r.TranslucencyLightingVolumeDim:64]]
[2019.09.19-03.19.37:291][  0]LogConfig: Setting CVar [[r.RefractionQuality:2]]
[2019.09.19-03.19.37:291][  0]LogConfig: Setting CVar [[r.SSR.Quality:3]]
[2019.09.19-03.19.37:291][  0]LogConfig: Setting CVar [[r.SceneColorFormat:4]]
[2019.09.19-03.19.37:291][  0]LogConfig: Setting CVar [[r.DetailMode:2]]
[2019.09.19-03.19.37:291][  0]LogConfig: Setting CVar [[r.TranslucencyVolumeBlur:1]]
[2019.09.19-03.19.37:291][  0]LogConfig: Setting CVar [[r.MaterialQualityLevel:1 ; High quality]]
[2019.09.19-03.19.37:291][  0]LogConfig: Setting CVar [[r.SSS.Scale:1]]
[2019.09.19-03.19.37:291][  0]LogConfig: Setting CVar [[r.SSS.SampleSet:2]]
[2019.09.19-03.19.37:291][  0]LogConfig: Setting CVar [[r.SSS.Quality:1]]
[2019.09.19-03.19.37:291][  0]LogConfig: Setting CVar [[r.SSS.HalfRes:1]]
[2019.09.19-03.19.37:291][  0]LogConfig: Setting CVar [[r.EmitterSpawnRateScale:1.0]]
[2019.09.19-03.19.37:291][  0]LogConfig: Setting CVar [[r.ParticleLightQuality:2]]
[2019.09.19-03.19.37:291][  0]LogConfig: Applying CVar settings from Section [FoliageQuality@3] File [C:/Users/Alexandre/Desktop/AnimGA/Saved/Config/Windows/Scalability.ini]
[2019.09.19-03.19.37:291][  0]LogConfig: Setting CVar [[foliage.DensityScale:1.0]]
[2019.09.19-03.19.37:291][  0]LogConfig: Setting CVar [[grass.DensityScale:1.0]]
[2019.09.19-03.19.37:291][  0]LogInit: Selected Device Profile: [Windows]
[2019.09.19-03.19.37:291][  0]LogInit: Applying CVar settings loaded from the selected device profile: [Windows]
[2019.09.19-03.19.37:306][  0]LogHAL: Display: Platform has ~ 16 GB [17125179392 / 17179869184 / 16], which maps to Larger [LargestMinGB=32, LargerMinGB=12, DefaultMinGB=8, SmallerMinGB=6, SmallestMinGB=0)
[2019.09.19-03.19.37:306][  0]LogConfig: Setting CVar [[r.Vulkan.UseRealUBs:0		; Required until we fix HLR fall-out]]
[2019.09.19-03.19.37:306][  0]LogInit: Going up to parent DeviceProfile []
[2019.09.19-03.19.37:306][  0]LogConfig: Applying CVar settings from Section [ViewDistanceQuality@3] File [C:/Users/Alexandre/Desktop/AnimGA/Saved/Config/Windows/Scalability.ini]
[2019.09.19-03.19.37:306][  0]LogConfig: Setting CVar [[r.SkeletalMeshLODBias:0]]
[2019.09.19-03.19.37:306][  0]LogConfig: Setting CVar [[r.ViewDistanceScale:1.0]]
[2019.09.19-03.19.37:306][  0]LogConfig: Applying CVar settings from Section [AntiAliasingQuality@3] File [C:/Users/Alexandre/Desktop/AnimGA/Saved/Config/Windows/Scalability.ini]
[2019.09.19-03.19.37:306][  0]LogConfig: Setting CVar [[r.PostProcessAAQuality:4]]
[2019.09.19-03.19.37:306][  0]LogConfig: Applying CVar settings from Section [ShadowQuality@3] File [C:/Users/Alexandre/Desktop/AnimGA/Saved/Config/Windows/Scalability.ini]
[2019.09.19-03.19.37:306][  0]LogConfig: Setting CVar [[r.LightFunctionQuality:1]]
[2019.09.19-03.19.37:306][  0]LogConfig: Setting CVar [[r.ShadowQuality:5]]
[2019.09.19-03.19.37:306][  0]LogConfig: Setting CVar [[r.Shadow.CSM.MaxCascades:10]]
[2019.09.19-03.19.37:306][  0]LogConfig: Setting CVar [[r.Shadow.MaxResolution:2048]]
[2019.09.19-03.19.37:306][  0]LogConfig: Setting CVar [[r.Shadow.MaxCSMResolution:2048]]
[2019.09.19-03.19.37:306][  0]LogConfig: Setting CVar [[r.Shadow.RadiusThreshold:0.01]]
[2019.09.19-03.19.37:306][  0]LogConfig: Setting CVar [[r.Shadow.DistanceScale:1.0]]
[2019.09.19-03.19.37:306][  0]LogConfig: Setting CVar [[r.Shadow.CSM.TransitionScale:1.0]]
[2019.09.19-03.19.37:306][  0]LogConfig: Setting CVar [[r.Shadow.PreShadowResolutionFactor:1.0]]
[2019.09.19-03.19.37:306][  0]LogConfig: Setting CVar [[r.DistanceFieldShadowing:1]]
[2019.09.19-03.19.37:306][  0]LogConfig: Setting CVar [[r.DistanceFieldAO:1]]
[2019.09.19-03.19.37:306][  0]LogConfig: Setting CVar [[r.AOQuality:2]]
[2019.09.19-03.19.37:306][  0]LogConfig: Setting CVar [[r.VolumetricFog:1]]
[2019.09.19-03.19.37:306][  0]LogConfig: Setting CVar [[r.VolumetricFog.GridPixelSize:8]]
[2019.09.19-03.19.37:306][  0]LogConfig: Setting CVar [[r.VolumetricFog.GridSizeZ:128]]
[2019.09.19-03.19.37:306][  0]LogConfig: Setting CVar [[r.VolumetricFog.HistoryMissSupersampleCount:4]]
[2019.09.19-03.19.37:306][  0]LogConfig: Setting CVar [[r.LightMaxDrawDistanceScale:1]]
[2019.09.19-03.19.37:306][  0]LogConfig: Setting CVar [[r.CapsuleShadows:1]]
[2019.09.19-03.19.37:306][  0]LogConfig: Applying CVar settings from Section [PostProcessQuality@3] File [C:/Users/Alexandre/Desktop/AnimGA/Saved/Config/Windows/Scalability.ini]
[2019.09.19-03.19.37:307][  0]LogConfig: Setting CVar [[r.MotionBlurQuality:4]]
[2019.09.19-03.19.37:307][  0]LogConfig: Setting CVar [[r.AmbientOcclusionMipLevelFactor:0.4]]
[2019.09.19-03.19.37:307][  0]LogConfig: Setting CVar [[r.AmbientOcclusionMaxQuality:100]]
[2019.09.19-03.19.37:307][  0]LogConfig: Setting CVar [[r.AmbientOcclusionLevels:-1]]
[2019.09.19-03.19.37:307][  0]LogConfig: Setting CVar [[r.AmbientOcclusionRadiusScale:1.0]]
[2019.09.19-03.19.37:307][  0]LogConfig: Setting CVar [[r.DepthOfFieldQuality:2]]
[2019.09.19-03.19.37:307][  0]LogConfig: Setting CVar [[r.RenderTargetPoolMin:400]]
[2019.09.19-03.19.37:307][  0]LogConfig: Setting CVar [[r.LensFlareQuality:2]]
[2019.09.19-03.19.37:307][  0]LogConfig: Setting CVar [[r.SceneColorFringeQuality:1]]
[2019.09.19-03.19.37:307][  0]LogConfig: Setting CVar [[r.EyeAdaptationQuality:2]]
[2019.09.19-03.19.37:307][  0]LogConfig: Setting CVar [[r.BloomQuality:5]]
[2019.09.19-03.19.37:307][  0]LogConfig: Setting CVar [[r.FastBlurThreshold:100]]
[2019.09.19-03.19.37:307][  0]LogConfig: Setting CVar [[r.Upscale.Quality:3]]
[2019.09.19-03.19.37:307][  0]LogConfig: Setting CVar [[r.Tonemapper.GrainQuantization:1]]
[2019.09.19-03.19.37:307][  0]LogConfig: Setting CVar [[r.LightShaftQuality:1]]
[2019.09.19-03.19.37:307][  0]LogConfig: Setting CVar [[r.Filter.SizeScale:1]]
[2019.09.19-03.19.37:307][  0]LogConfig: Setting CVar [[r.Tonemapper.Quality:5]]
[2019.09.19-03.19.37:307][  0]LogConfig: Setting CVar [[r.DOF.Gather.AccumulatorQuality:1        ; higher gathering accumulator quality]]
[2019.09.19-03.19.37:307][  0]LogConfig: Setting CVar [[r.DOF.Gather.PostfilterMethod:1          ; Median3x3 postfilering method]]
[2019.09.19-03.19.37:307][  0]LogConfig: Setting CVar [[r.DOF.Gather.EnableBokehSettings:0       ; no bokeh simulation when gathering]]
[2019.09.19-03.19.37:307][  0]LogConfig: Setting CVar [[r.DOF.Gather.RingCount:4                 ; medium number of samples when gathering]]
[2019.09.19-03.19.37:307][  0]LogConfig: Setting CVar [[r.DOF.Scatter.ForegroundCompositing:1    ; additive foreground scattering]]
[2019.09.19-03.19.37:307][  0]LogConfig: Setting CVar [[r.DOF.Scatter.BackgroundCompositing:2    ; additive background scattering]]
[2019.09.19-03.19.37:307][  0]LogConfig: Setting CVar [[r.DOF.Scatter.EnableBokehSettings:1      ; bokeh simulation when scattering]]
[2019.09.19-03.19.37:307][  0]LogConfig: Setting CVar [[r.DOF.Scatter.MaxSpriteRatio:0.1         ; only a maximum of 10% of scattered bokeh]]
[2019.09.19-03.19.37:307][  0]LogConfig: Setting CVar [[r.DOF.Recombine.Quality:1                ; cheap slight out of focus]]
[2019.09.19-03.19.37:307][  0]LogConfig: Setting CVar [[r.DOF.Recombine.EnableBokehSettings:0    ; no bokeh simulation on slight out of focus]]
[2019.09.19-03.19.37:307][  0]LogConfig: Setting CVar [[r.DOF.TemporalAAQuality:1                ; more stable temporal accumulation]]
[2019.09.19-03.19.37:307][  0]LogConfig: Setting CVar [[r.DOF.Kernel.MaxForegroundRadius:0.025]]
[2019.09.19-03.19.37:307][  0]LogConfig: Setting CVar [[r.DOF.Kernel.MaxBackgroundRadius:0.025]]
[2019.09.19-03.19.37:307][  0]LogConfig: Applying CVar settings from Section [TextureQuality@3] File [C:/Users/Alexandre/Desktop/AnimGA/Saved/Config/Windows/Scalability.ini]
[2019.09.19-03.19.37:307][  0]LogConfig: Setting CVar [[r.Streaming.MipBias:0]]
[2019.09.19-03.19.37:307][  0]LogConfig: Setting CVar [[r.Streaming.AmortizeCPUToGPUCopy:0]]
[2019.09.19-03.19.37:307][  0]LogConfig: Setting CVar [[r.Streaming.MaxNumTexturesToStreamPerFrame:0]]
[2019.09.19-03.19.37:307][  0]LogConfig: Setting CVar [[r.Streaming.Boost:1]]
[2019.09.19-03.19.37:307][  0]LogConfig: Setting CVar [[r.MaxAnisotropy:8]]
[2019.09.19-03.19.37:307][  0]LogConfig: Setting CVar [[r.Streaming.LimitPoolSizeToVRAM:0]]
[2019.09.19-03.19.37:307][  0]LogConfig: Setting CVar [[r.Streaming.PoolSize:1000]]
[2019.09.19-03.19.37:307][  0]LogConfig: Setting CVar [[r.Streaming.MaxEffectiveScreenSize:0]]
[2019.09.19-03.19.37:307][  0]LogConfig: Applying CVar settings from Section [EffectsQuality@3] File [C:/Users/Alexandre/Desktop/AnimGA/Saved/Config/Windows/Scalability.ini]
[2019.09.19-03.19.37:307][  0]LogConfig: Setting CVar [[r.TranslucencyLightingVolumeDim:64]]
[2019.09.19-03.19.37:307][  0]LogConfig: Setting CVar [[r.RefractionQuality:2]]
[2019.09.19-03.19.37:307][  0]LogConfig: Setting CVar [[r.SSR.Quality:3]]
[2019.09.19-03.19.37:307][  0]LogConfig: Setting CVar [[r.SceneColorFormat:4]]
[2019.09.19-03.19.37:307][  0]LogConfig: Setting CVar [[r.DetailMode:2]]
[2019.09.19-03.19.37:307][  0]LogConfig: Setting CVar [[r.TranslucencyVolumeBlur:1]]
[2019.09.19-03.19.37:307][  0]LogConfig: Setting CVar [[r.MaterialQualityLevel:1 ; High quality]]
[2019.09.19-03.19.37:307][  0]LogConfig: Setting CVar [[r.SSS.Scale:1]]
[2019.09.19-03.19.37:307][  0]LogConfig: Setting CVar [[r.SSS.SampleSet:2]]
[2019.09.19-03.19.37:307][  0]LogConfig: Setting CVar [[r.SSS.Quality:1]]
[2019.09.19-03.19.37:307][  0]LogConfig: Setting CVar [[r.SSS.HalfRes:1]]
[2019.09.19-03.19.37:307][  0]LogConfig: Setting CVar [[r.EmitterSpawnRateScale:1.0]]
[2019.09.19-03.19.37:307][  0]LogConfig: Setting CVar [[r.ParticleLightQuality:2]]
[2019.09.19-03.19.37:307][  0]LogConfig: Applying CVar settings from Section [FoliageQuality@3] File [C:/Users/Alexandre/Desktop/AnimGA/Saved/Config/Windows/Scalability.ini]
[2019.09.19-03.19.37:307][  0]LogConfig: Setting CVar [[foliage.DensityScale:1.0]]
[2019.09.19-03.19.37:307][  0]LogConfig: Setting CVar [[grass.DensityScale:1.0]]
[2019.09.19-03.19.37:307][  0]LogConfig: Applying CVar settings from Section [Startup] File [../../../Engine/Config/ConsoleVariables.ini]
[2019.09.19-03.19.37:308][  0]LogConfig: Setting CVar [[net.UseAdaptiveNetUpdateFrequency:0]]
[2019.09.19-03.19.37:308][  0]LogConfig: Setting CVar [[p.chaos.AllowCreatePhysxBodies:1]]
[2019.09.19-03.19.37:308][  0]LogConfig: Applying CVar settings from Section [ConsoleVariables] File [C:/Users/Alexandre/Desktop/AnimGA/Saved/Config/Windows/Engine.ini]
[2019.09.19-03.19.37:308][  0]LogInit: Computer: DESKTOP-PIVJ3MB
[2019.09.19-03.19.37:308][  0]LogInit: User: Alexandre
[2019.09.19-03.19.37:308][  0]LogInit: CPU Page size=4096, Cores=4
[2019.09.19-03.19.37:308][  0]LogInit: High frequency timer resolution =3.320338 MHz
[2019.09.19-03.19.37:308][  0]LogMemory: Memory total: Physical=15.9GB (16GB approx)
[2019.09.19-03.19.37:308][  0]LogMemory: Platform Memory Stats for Windows
[2019.09.19-03.19.37:308][  0]LogMemory: Process Physical Memory: 96.08 MB used, 96.08 MB peak
[2019.09.19-03.19.37:308][  0]LogMemory: Process Virtual Memory: 89.11 MB used, 89.11 MB peak
[2019.09.19-03.19.37:308][  0]LogMemory: Physical Memory: 7121.52 MB used,  9210.32 MB free, 16331.84 MB total
[2019.09.19-03.19.37:308][  0]LogMemory: Virtual Memory: 4654.24 MB used,  134213072.00 MB free, 134217728.00 MB total
[2019.09.19-03.19.37:338][  0]LogInit: Overriding language with editor language configuration option (en).
[2019.09.19-03.19.37:338][  0]LogInit: Overriding locale with editor locale configuration option (en).
[2019.09.19-03.19.37:555][  0]LogInit: Setting process to per monitor DPI aware
[2019.09.19-03.19.37:595][  0]LogSlate: New Slate User Created.  User Index 0, Is Virtual User: 0
[2019.09.19-03.19.37:595][  0]LogSlate: Slate User Registered.  User Index 0, Is Virtual User: 0
[2019.09.19-03.19.37:828][  0]LogHMD: Failed to initialize OpenVR with code 110
[2019.09.19-03.19.37:828][  0]LogD3D11RHI: D3D11 adapters:
[2019.09.19-03.19.37:925][  0]LogD3D11RHI:    0. 'NVIDIA GeForce GTX 1060 6GB' (Feature Level 11_0)
[2019.09.19-03.19.37:925][  0]LogD3D11RHI:       6052/0/8165 MB DedicatedVideo/DedicatedSystem/SharedSystem, Outputs:2, VendorId:0x10de
[2019.09.19-03.19.37:928][  0]LogD3D11RHI:    1. 'Microsoft Basic Render Driver' (Feature Level 11_0)
[2019.09.19-03.19.37:928][  0]LogD3D11RHI:       0/0/8165 MB DedicatedVideo/DedicatedSystem/SharedSystem, Outputs:0, VendorId:0x1414
[2019.09.19-03.19.37:928][  0]LogD3D11RHI: Chosen D3D11 Adapter: 0
[2019.09.19-03.19.37:936][  0]LogD3D11RHI: Creating new Direct3DDevice
[2019.09.19-03.19.37:936][  0]LogD3D11RHI:     GPU DeviceId: 0x1c03 (for the marketing name, search the web for "GPU Device Id")
[2019.09.19-03.19.37:936][  0]LogWindows: EnumDisplayDevices:
[2019.09.19-03.19.37:937][  0]LogWindows:    0. 'NVIDIA GeForce GTX 1060 6GB' (P:1 D:1)
[2019.09.19-03.19.37:937][  0]LogWindows:    1. 'NVIDIA GeForce GTX 1060 6GB' (P:0 D:1)
[2019.09.19-03.19.37:937][  0]LogWindows:    2. 'NVIDIA GeForce GTX 1060 6GB' (P:0 D:0)
[2019.09.19-03.19.37:938][  0]LogWindows:    3. 'NVIDIA GeForce GTX 1060 6GB' (P:0 D:0)
[2019.09.19-03.19.37:938][  0]LogWindows: DebugString: FoundDriverCount:4 
[2019.09.19-03.19.37:938][  0]LogD3D11RHI:     Adapter Name: NVIDIA GeForce GTX 1060 6GB
[2019.09.19-03.19.37:938][  0]LogD3D11RHI:   Driver Version: 436.15 (internal:26.21.14.3615, unified:436.15)
[2019.09.19-03.19.37:938][  0]LogD3D11RHI:      Driver Date: 8-24-2019
[2019.09.19-03.19.37:938][  0]LogRHI: Texture pool is 4236 MB (70% of 6052 MB)
[2019.09.19-03.19.38:003][  0]LogD3D11RHI: Async texture creation enabled
[2019.09.19-03.19.38:014][  0]LogRendererCore: FGlobalReadBuffer::InitRHI
[2019.09.19-03.19.38:014][  0]LogRendererCore: FGlobalReadBuffer::InitRHI
[2019.09.19-03.19.38:014][  0]LogRendererCore: FGlobalReadBuffer::InitRHI
[2019.09.19-03.19.38:023][  0]LogD3D11RHI: GPU Timing Frequency: 1000.000000 (Debug: 2 1)
[2019.09.19-03.19.38:518][  0]LogTemp: Display: Module 'AllDesktopTargetPlatform' loaded TargetPlatform 'AllDesktop'
[2019.09.19-03.19.38:536][  0]LogTemp: Display: Module 'MacClientTargetPlatform' loaded TargetPlatform 'MacClient'
[2019.09.19-03.19.38:553][  0]LogTemp: Display: Module 'MacNoEditorTargetPlatform' loaded TargetPlatform 'MacNoEditor'
[2019.09.19-03.19.38:570][  0]LogTemp: Display: Module 'MacServerTargetPlatform' loaded TargetPlatform 'MacServer'
[2019.09.19-03.19.38:589][  0]LogTemp: Display: Module 'MacTargetPlatform' loaded TargetPlatform 'Mac'
[2019.09.19-03.19.38:607][  0]LogTemp: Display: Module 'WindowsClientTargetPlatform' loaded TargetPlatform 'WindowsClient'
[2019.09.19-03.19.38:624][  0]LogTemp: Display: Module 'WindowsNoEditorTargetPlatform' loaded TargetPlatform 'WindowsNoEditor'
[2019.09.19-03.19.38:641][  0]LogTemp: Display: Module 'WindowsServerTargetPlatform' loaded TargetPlatform 'WindowsServer'
[2019.09.19-03.19.38:650][  0]LogTemp: Display: Module 'WindowsTargetPlatform' loaded TargetPlatform 'Windows'
[2019.09.19-03.19.38:748][  0]LogTemp: Display: Module 'AndroidTargetPlatform' loaded TargetPlatform 'Android'
[2019.09.19-03.19.38:748][  0]LogTemp: Display: Module 'AndroidTargetPlatform' loaded TargetPlatform 'Android_ASTC'
[2019.09.19-03.19.38:748][  0]LogTemp: Display: Module 'AndroidTargetPlatform' loaded TargetPlatform 'Android_ATC'
[2019.09.19-03.19.38:749][  0]LogTemp: Display: Module 'AndroidTargetPlatform' loaded TargetPlatform 'Android_DXT'
[2019.09.19-03.19.38:749][  0]LogTemp: Display: Module 'AndroidTargetPlatform' loaded TargetPlatform 'Android_ETC1'
[2019.09.19-03.19.38:749][  0]LogTemp: Display: Module 'AndroidTargetPlatform' loaded TargetPlatform 'Android_ETC1a'
[2019.09.19-03.19.38:749][  0]LogTemp: Display: Module 'AndroidTargetPlatform' loaded TargetPlatform 'Android_ETC2'
[2019.09.19-03.19.38:749][  0]LogTemp: Display: Module 'AndroidTargetPlatform' loaded TargetPlatform 'Android_PVRTC'
[2019.09.19-03.19.38:749][  0]LogTemp: Display: Module 'AndroidTargetPlatform' loaded TargetPlatform 'AndroidClient'
[2019.09.19-03.19.38:749][  0]LogTemp: Display: Module 'AndroidTargetPlatform' loaded TargetPlatform 'Android_ASTCClient'
[2019.09.19-03.19.38:749][  0]LogTemp: Display: Module 'AndroidTargetPlatform' loaded TargetPlatform 'Android_ATCClient'
[2019.09.19-03.19.38:749][  0]LogTemp: Display: Module 'AndroidTargetPlatform' loaded TargetPlatform 'Android_DXTClient'
[2019.09.19-03.19.38:749][  0]LogTemp: Display: Module 'AndroidTargetPlatform' loaded TargetPlatform 'Android_ETC1Client'
[2019.09.19-03.19.38:749][  0]LogTemp: Display: Module 'AndroidTargetPlatform' loaded TargetPlatform 'Android_ETC1aClient'
[2019.09.19-03.19.38:749][  0]LogTemp: Display: Module 'AndroidTargetPlatform' loaded TargetPlatform 'Android_ETC2Client'
[2019.09.19-03.19.38:749][  0]LogTemp: Display: Module 'AndroidTargetPlatform' loaded TargetPlatform 'Android_PVRTCClient'
[2019.09.19-03.19.38:749][  0]LogTemp: Display: Module 'AndroidTargetPlatform' loaded TargetPlatform 'Android_Multi'
[2019.09.19-03.19.38:749][  0]LogTemp: Display: Module 'AndroidTargetPlatform' loaded TargetPlatform 'Android_MultiClient'
[2019.09.19-03.19.38:751][  0]LogTemp: Display: Module 'HTML5TargetPlatform' loaded TargetPlatform 'HTML5'
[2019.09.19-03.19.38:806][  0]LogTemp: Display: Module 'IOSTargetPlatform' loaded TargetPlatform 'IOSClient'
[2019.09.19-03.19.38:806][  0]LogTemp: Display: Module 'IOSTargetPlatform' loaded TargetPlatform 'IOS'
[2019.09.19-03.19.38:834][  0]LogTemp: Display: Module 'TVOSTargetPlatform' loaded TargetPlatform 'TVOSClient'
[2019.09.19-03.19.38:834][  0]LogTemp: Display: Module 'TVOSTargetPlatform' loaded TargetPlatform 'TVOS'
[2019.09.19-03.19.38:848][  0]LogTemp: Display: Module 'LinuxClientTargetPlatform' loaded TargetPlatform 'LinuxClient'
[2019.09.19-03.19.38:863][  0]LogTemp: Display: Module 'LinuxNoEditorTargetPlatform' loaded TargetPlatform 'LinuxNoEditor'
[2019.09.19-03.19.38:881][  0]LogTemp: Display: Module 'LinuxServerTargetPlatform' loaded TargetPlatform 'LinuxServer'
[2019.09.19-03.19.38:899][  0]LogTemp: Display: Module 'LinuxTargetPlatform' loaded TargetPlatform 'Linux'
[2019.09.19-03.19.38:961][  0]LogTemp: Display: Module 'LuminTargetPlatform' loaded TargetPlatform 'Lumin'
[2019.09.19-03.19.38:962][  0]LogTemp: Display: Module 'LuminTargetPlatform' loaded TargetPlatform 'LuminClient'
[2019.09.19-03.19.38:962][  0]LogTargetPlatformManager: Display: Building Assets For Windows
[2019.09.19-03.19.38:975][  0]LogAudioDebug: Display: Lib vorbis DLL was dynamically loaded.
[2019.09.19-03.19.39:061][  0]LogShaderCompilers: Guid format shader working directory is 1 characters bigger than the processId version (../../../../../../Users/Alexandre/Desktop/AnimGA/Intermediate/Shaders/WorkingDirectory/14580/).
[2019.09.19-03.19.39:061][  0]LogShaderCompilers: Cleaned the shader compiler working directory 'C:/Users/Alexandre/AppData/Local/Temp/UnrealShaderWorkingDir/EAEECEAC47BAA78B31EDF180CDBBB8A8/'.
[2019.09.19-03.19.39:066][  0]LogXGEController: Cannot use XGE Controller as Incredibuild is not installed on this machine.
[2019.09.19-03.19.39:066][  0]LogShaderCompilers: Cannot use XGE Shader Compiler as Incredibuild is not installed on this machine.
[2019.09.19-03.19.39:066][  0]LogShaderCompilers: Display: Using Local Shader Compiler.
[2019.09.19-03.19.39:701][  0]LogDerivedDataCache: Display: Max Cache Size: 512 MB
[2019.09.19-03.19.39:779][  0]LogDerivedDataCache: Loaded boot cache 0.08s 71MB C:/Users/Alexandre/AppData/Local/UnrealEngine/4.22/DerivedDataCache/Boot.ddc.
[2019.09.19-03.19.39:779][  0]LogDerivedDataCache: Display: Loaded Boot cache: C:/Users/Alexandre/AppData/Local/UnrealEngine/4.22/DerivedDataCache/Boot.ddc
[2019.09.19-03.19.39:779][  0]LogDerivedDataCache: FDerivedDataBackendGraph:  Pak pak cache file ../../../../../../Users/Alexandre/Desktop/AnimGA/DerivedDataCache/DDC.ddp not found, will not use a pak cache.
[2019.09.19-03.19.39:779][  0]LogDerivedDataCache: Unable to find inner node Pak for hierarchical cache Hierarchy.
[2019.09.19-03.19.39:779][  0]LogDerivedDataCache: FDerivedDataBackendGraph:  CompressedPak pak cache file ../../../../../../Users/Alexandre/Desktop/AnimGA/DerivedDataCache/Compressed.ddp not found, will not use a pak cache.
[2019.09.19-03.19.39:779][  0]LogDerivedDataCache: Unable to find inner node CompressedPak for hierarchical cache Hierarchy.
[2019.09.19-03.19.39:792][  0]LogDerivedDataCache: Display: Pak cache opened for reading ../../../Engine/DerivedDataCache/Compressed.ddp.
[2019.09.19-03.19.39:792][  0]LogDerivedDataCache: FDerivedDataBackendGraph:  EnterprisePak pak cache file ../../../Enterprise/DerivedDataCache/Compressed.ddp not found, will not use a pak cache.
[2019.09.19-03.19.39:792][  0]LogDerivedDataCache: Unable to find inner node EnterprisePak for hierarchical cache Hierarchy.
[2019.09.19-03.19.39:805][  0]LogDerivedDataCache: Using Local data cache path C:/Users/Alexandre/AppData/Local/UnrealEngine/Common/DerivedDataCache: Writable
[2019.09.19-03.19.39:805][  0]LogDerivedDataCache: Shared data cache path not found in *engine.ini, will not use an Shared cache.
[2019.09.19-03.19.39:805][  0]LogDerivedDataCache: Unable to find inner node Shared for hierarchical cache Hierarchy.
[2019.09.19-03.19.39:832][  0]LogMaterial: Verifying Global Shaders for PCD3D_SM5
[2019.09.19-03.19.39:833][  0]LogSlate: Using FreeType 2.6.0
[2019.09.19-03.19.39:834][  0]LogSlate: SlateFontServices - WITH_FREETYPE: 1, WITH_HARFBUZZ: 1
[2019.09.19-03.19.39:929][  0]LogAssetRegistry: FAssetRegistry took 0.0348 seconds to start up
[2019.09.19-03.19.40:373][  0]LogInit: Selected Device Profile: [Windows]
[2019.09.19-03.19.40:535][  0]LogMeshReduction: Using QuadricMeshReduction for automatic static mesh reduction
[2019.09.19-03.19.40:535][  0]LogMeshReduction: Using SimplygonMeshReduction for automatic skeletal mesh reduction
[2019.09.19-03.19.40:535][  0]LogMeshReduction: Using ProxyLODMeshReduction for automatic mesh merging
[2019.09.19-03.19.40:535][  0]LogMeshReduction: No distributed automatic mesh merging module available
[2019.09.19-03.19.40:535][  0]LogMeshMerging: No distributed automatic mesh merging module available
[2019.09.19-03.19.40:552][  0]LogNetVersion: AnimGA 1.0.0, NetCL: 5660361, EngineNetVer: 10, GameNetVer: 0 (Checksum: 4278856282)
[2019.09.19-03.19.41:053][  0]LogPackageLocalizationCache: Processed 11 localized package path(s) for 1 prioritized culture(s) in 0.062119 seconds
[2019.09.19-03.19.41:063][  0]LogUObjectArray: 42205 objects as part of root set at end of initial load.
[2019.09.19-03.19.41:063][  0]LogUObjectAllocator: 7325032 out of 0 bytes used by permanent object pool.
[2019.09.19-03.19.41:063][  0]LogUObjectArray: CloseDisregardForGC: 0/0 objects in disregard for GC pool
[2019.09.19-03.19.42:056][  0]LogTcpMessaging: Initializing TcpMessaging bridge
[2019.09.19-03.19.42:070][  0]LogUdpMessaging: Initializing bridge on interface 0.0.0.0:0 to multicast group 230.0.0.1:6666.
[2019.09.19-03.19.42:191][  0]SourceControl: Source control is disabled
[2019.09.19-03.19.42:191][  0]SourceControl: Source control is disabled
[2019.09.19-03.19.42:192][  0]SourceControl: Source control is disabled
[2019.09.19-03.19.42:194][  0]SourceControl: Source control is disabled
[2019.09.19-03.19.42:288][  0]LogAndroidPermission: UAndroidPermissionCallbackProxy::GetInstance
[2019.09.19-03.19.42:422][  0]LogOcInput: OculusInput pre-init called
[2019.09.19-03.19.43:200][  0]LogEngine: Initializing Engine...
[2019.09.19-03.19.43:201][  0]LogHMD: Failed to initialize OpenVR with code 110
[2019.09.19-03.19.43:202][  0]LogStats: UGameplayTagsManager::InitializeManager -  0.000 s
[2019.09.19-03.19.43:447][  0]LogInit: Initializing FReadOnlyCVARCache
[2019.09.19-03.19.43:470][  0]LogAIModule: Creating AISystem for world Untitled
[2019.09.19-03.19.43:507][  0]LogInit: XAudio2 using 'Alto-falantes (HyperX Cloud Revolver S)' : 2 channels at 48 kHz using 16 bits per sample (channel mask 0x3)
[2019.09.19-03.19.43:527][  0]LogInit: FAudioDevice initialized.
[2019.09.19-03.19.43:527][  0]LogNetVersion: Set ProjectVersion to 1.0.0.0. Version Checksum will be recalculated on next use.
[2019.09.19-03.19.43:661][  0]LogDerivedDataCache: Saved boot cache 0.13s 71MB C:/Users/Alexandre/AppData/Local/UnrealEngine/4.22/DerivedDataCache/Boot.ddc.
[2019.09.19-03.19.43:667][  0]LogInit: Texture streaming: Enabled
[2019.09.19-03.19.43:691][  0]LogEngineSessionManager: EngineSessionManager initialized
[2019.09.19-03.19.43:725][  0]LogInit: Transaction tracking system initialized
[2019.09.19-03.19.43:769][  0]BlueprintLog: New page: Editor Load
[2019.09.19-03.19.43:915][  0]LocalizationService: Localization service is disabled
[2019.09.19-03.19.44:271][  0]LogFileCache: Scanning file cache for directory 'C:/Users/Alexandre/Desktop/AnimGA/Content/' took 0.01s
[2019.09.19-03.19.44:271][  0]LogCook: Display: Max memory allowance for cook 16384mb min free memory 0mb
[2019.09.19-03.19.44:271][  0]LogCook: Display: Mobile HDR setting 1
[2019.09.19-03.19.44:378][  0]LogLinker: Warning: Can't find file '/Engine/BasicShapes/Plane'
[2019.09.19-03.19.44:378][  0]LogLinker: Warning: Can't find file '/Engine/BasicShapes/Plane'
[2019.09.19-03.19.44:378][  0]LogUObjectGlobals: Warning: Failed to find object 'StaticMesh /Engine/BasicShapes/Plane.Plane'
[2019.09.19-03.19.44:521][  0]SourceControl: Source control is disabled
[2019.09.19-03.19.44:521][  0]Cmd: MAP LOAD FILE="../../../Engine/Content/Maps/Templates/Template_Default.umap" TEMPLATE=1 SHOWPROGRESS=1 FEATURELEVEL=3
[2019.09.19-03.19.44:522][  0]LightingResults: New page: Lighting Build
[2019.09.19-03.19.44:526][  0]MapCheck: New page: Map Check
[2019.09.19-03.19.44:526][  0]LightingResults: New page: Lighting Build
[2019.09.19-03.19.44:550][  0]LogUObjectHash: Compacting FUObjectHashTables data took   1.91ms
[2019.09.19-03.19.44:659][  0]LogAIModule: Creating AISystem for world Untitled_1
[2019.09.19-03.19.44:665][  0]LogEditorServer: Finished looking for orphan Actors (0.000 secs)
[2019.09.19-03.19.44:690][  0]LogUObjectHash: Compacting FUObjectHashTables data took   2.12ms
[2019.09.19-03.19.44:690][  0]Cmd: MAP CHECKDEP NOCLEARLOG
[2019.09.19-03.19.44:690][  0]MapCheck: Map check complete: 0 Error(s), 0 Warning(s), took 0.187ms to complete.
[2019.09.19-03.19.44:690][  0]LogFileHelpers: Loading map 'Template_Default' took 0.169
[2019.09.19-03.19.44:797][  0]LogSlate: Updating window title bar state: overlay mode, drag disabled, window buttons hidden, title bar hidden
[2019.09.19-03.19.44:814][  0]LogSlate: Updating window title bar state: overlay mode, drag disabled, window buttons hidden, title bar hidden
[2019.09.19-03.19.44:823][  0]LogSlate: Updating window title bar state: overlay mode, drag disabled, window buttons hidden, title bar hidden
[2019.09.19-03.19.44:832][  0]LogSlate: Updating window title bar state: overlay mode, drag disabled, window buttons hidden, title bar hidden
[2019.09.19-03.19.44:840][  0]LogCollectionManager: Loaded 0 collections in 0.002719 seconds
[2019.09.19-03.19.44:858][  0]LogFileCache: Scanning file cache for directory 'C:/Users/Alexandre/Desktop/AnimGA/Saved/Collections/' took 0.01s
[2019.09.19-03.19.44:858][  0]LogFileCache: Scanning file cache for directory 'C:/Users/Alexandre/Desktop/AnimGA/Content/Developers/Alexandre/Collections/' took 0.00s
[2019.09.19-03.19.44:858][  0]LogFileCache: Scanning file cache for directory 'C:/Users/Alexandre/Desktop/AnimGA/Content/Collections/' took 0.00s
[2019.09.19-03.19.44:858][  0]LogCollectionManager: Rebuilt the GUID cache for 0 collections in 0.000001 seconds
[2019.09.19-03.19.44:868][  0]LogContentBrowser: Native class hierarchy populated in 0.0102 seconds. Added 2739 classes and 666 folders.
[2019.09.19-03.19.44:880][  0]LogContentBrowser: Native class hierarchy updated for 'WidgetCarousel' in 0.0004 seconds. Added 0 classes and 0 folders.
[2019.09.19-03.19.44:881][  0]LogPakFile: Registered encryption key '00000000000000000000000000000000': 0 pak files mounted, 0 remain pending
[2019.09.19-03.19.44:882][  0]LogPakFile: Registered encryption key '00000000000000000000000000000000': 0 pak files mounted, 0 remain pending
[2019.09.19-03.19.44:883][  0]LogPakFile: Registered encryption key '00000000000000000000000000000000': 0 pak files mounted, 0 remain pending
[2019.09.19-03.19.44:883][  0]LogPakFile: Registered encryption key '00000000000000000000000000000000': 0 pak files mounted, 0 remain pending
[2019.09.19-03.19.44:884][  0]LogPakFile: Registered encryption key '00000000000000000000000000000000': 0 pak files mounted, 0 remain pending
[2019.09.19-03.19.44:884][  0]LogPakFile: Registered encryption key '00000000000000000000000000000000': 0 pak files mounted, 0 remain pending
[2019.09.19-03.19.44:885][  0]LogPakFile: Registered encryption key '00000000000000000000000000000000': 0 pak files mounted, 0 remain pending
[2019.09.19-03.19.44:885][  0]LogPakFile: Registered encryption key '00000000000000000000000000000000': 0 pak files mounted, 0 remain pending
[2019.09.19-03.19.44:886][  0]LogPakFile: Registered encryption key '00000000000000000000000000000000': 0 pak files mounted, 0 remain pending
[2019.09.19-03.19.44:887][  0]LogPakFile: Registered encryption key '00000000000000000000000000000000': 0 pak files mounted, 0 remain pending
[2019.09.19-03.19.44:887][  0]LogPakFile: Registered encryption key '00000000000000000000000000000000': 0 pak files mounted, 0 remain pending
[2019.09.19-03.19.44:888][  0]LogPakFile: Registered encryption key '00000000000000000000000000000000': 0 pak files mounted, 0 remain pending
[2019.09.19-03.19.44:888][  0]LogPakFile: Registered encryption key '00000000000000000000000000000000': 0 pak files mounted, 0 remain pending
[2019.09.19-03.19.44:889][  0]LogPakFile: Registered encryption key '00000000000000000000000000000000': 0 pak files mounted, 0 remain pending
[2019.09.19-03.19.44:889][  0]LogPakFile: Registered encryption key '00000000000000000000000000000000': 0 pak files mounted, 0 remain pending
[2019.09.19-03.19.44:890][  0]LogPakFile: Registered encryption key '00000000000000000000000000000000': 0 pak files mounted, 0 remain pending
[2019.09.19-03.19.44:890][  0]LogPakFile: Registered encryption key '00000000000000000000000000000000': 0 pak files mounted, 0 remain pending
[2019.09.19-03.19.44:891][  0]LogPakFile: Registered encryption key '00000000000000000000000000000000': 0 pak files mounted, 0 remain pending
[2019.09.19-03.19.44:892][  0]LogPakFile: Registered encryption key '00000000000000000000000000000000': 0 pak files mounted, 0 remain pending
[2019.09.19-03.19.44:892][  0]LogPakFile: Registered encryption key '00000000000000000000000000000000': 0 pak files mounted, 0 remain pending
[2019.09.19-03.19.44:893][  0]LogPakFile: Registered encryption key '00000000000000000000000000000000': 0 pak files mounted, 0 remain pending
[2019.09.19-03.19.44:894][  0]LogPakFile: Registered encryption key '00000000000000000000000000000000': 0 pak files mounted, 0 remain pending
[2019.09.19-03.19.44:894][  0]LogPakFile: Registered encryption key '00000000000000000000000000000000': 0 pak files mounted, 0 remain pending
[2019.09.19-03.19.44:895][  0]LogPakFile: Registered encryption key '00000000000000000000000000000000': 0 pak files mounted, 0 remain pending
[2019.09.19-03.19.44:896][  0]LogPakFile: Registered encryption key '00000000000000000000000000000000': 0 pak files mounted, 0 remain pending
[2019.09.19-03.19.44:897][  0]LogPakFile: Registered encryption key '00000000000000000000000000000000': 0 pak files mounted, 0 remain pending
[2019.09.19-03.19.44:936][  0]LogContentBrowser: Native class hierarchy updated for 'AddContentDialog' in 0.0004 seconds. Added 0 classes and 0 folders.
[2019.09.19-03.19.44:945][  0]LogContentBrowser: Native class hierarchy updated for 'SceneOutliner' in 0.0005 seconds. Added 1 classes and 2 folders.
[2019.09.19-03.19.45:018][  0]LogSlate: Took 0.000276 seconds to synchronously load lazily loaded font '../../../Engine/Content/Slate/Fonts/Roboto-Regular.ttf' (155K)
[2019.09.19-03.19.45:020][  0]LogSlate: Took 0.000189 seconds to synchronously load lazily loaded font '../../../Engine/Content/Slate/Fonts/Roboto-Bold.ttf' (160K)
[2019.09.19-03.19.45:026][  0]LogSlate: Took 0.000289 seconds to synchronously load lazily loaded font '../../../Engine/Content/Editor/Slate/Fonts/FontAwesome.ttf' (139K)
[2019.09.19-03.19.45:098][  0]LogRenderer: Reallocating scene render targets to support 1168x576 Format 10 NumSamples 1 (Frame:1).
[2019.09.19-03.19.45:253][  0]LogContentBrowser: Native class hierarchy updated for 'HierarchicalLODOutliner' in 0.0004 seconds. Added 0 classes and 0 folders.
[2019.09.19-03.19.45:254][  0]LogLoad: (Engine Initialization) Total time: 10.46 seconds
[2019.09.19-03.19.45:254][  0]LogLoad: (Engine Initialization) Total Blueprint compile time: 0.00 seconds
[2019.09.19-03.19.45:296][  0]LogAssetRegistry: Asset discovery search completed in 5.3888 seconds
[2019.09.19-03.19.45:300][  0]LogCollectionManager: Rebuilt the object cache for 0 collections in 0.000001 seconds (found 0 objects)
[2019.09.19-03.19.45:300][  0]LogCollectionManager: Fixed up redirectors for 0 collections in 0.000103 seconds (updated 0 objects)
[2019.09.19-03.19.45:301][  0]LogContentStreaming: Texture pool size now 1000 MB
[2019.09.19-03.19.45:329][  0]LogSlate: Took 0.000213 seconds to synchronously load lazily loaded font '../../../Engine/Content/Slate/Fonts/Roboto-Light.ttf' (167K)
[2019.09.19-03.20.05:238][426]LogSlate: FSceneViewport::OnFocusLost() reason 0
[2019.09.19-03.20.05:424][447]LogSlate: Took 0.000200 seconds to synchronously load lazily loaded font '../../../Engine/Content/Slate/Fonts/Roboto-Light.ttf' (167K)
[2019.09.19-03.20.05:459][447]LogAIModule: Creating AISystem for world Untitled
[2019.09.19-03.20.05:470][447]LogAssetEditorManager: Opening Asset editor for World /Game/Untitled.Untitled
[2019.09.19-03.20.05:493][447]LogUObjectHash: Compacting FUObjectHashTables data took   1.62ms
[2019.09.19-03.20.05:494][447]Cmd: MAP LOAD FILE="../../../../../../Users/Alexandre/Desktop/AnimGA/Content/Untitled.umap" TEMPLATE=0 SHOWPROGRESS=1 FEATURELEVEL=3
[2019.09.19-03.20.05:495][447]LightingResults: New page: Lighting Build
[2019.09.19-03.20.05:495][447]LoadErrors: New page: Loading map: Untitled.umap
[2019.09.19-03.20.05:496][447]MapCheck: New page: Map Check
[2019.09.19-03.20.05:496][447]LightingResults: New page: Lighting Build
[2019.09.19-03.20.05:518][447]LogUObjectHash: Compacting FUObjectHashTables data took   1.87ms
[2019.09.19-03.20.05:581][447]LogEditorServer: Finished looking for orphan Actors (0.000 secs)
[2019.09.19-03.20.05:606][447]LogUObjectHash: Compacting FUObjectHashTables data took   1.60ms
[2019.09.19-03.20.05:630][447]Cmd: MAP CHECKDEP NOCLEARLOG
[2019.09.19-03.20.05:630][447]MapCheck: Map check complete: 0 Error(s), 0 Warning(s), took 0.16ms to complete.
[2019.09.19-03.20.05:630][447]LogFileHelpers: Loading map 'Untitled' took 0.137
[2019.09.19-03.20.09:028][828]LogUObjectHash: Compacting FUObjectHashTables data took   0.62ms
[2019.09.19-03.20.10:060][947]Candidate modules for hot reload:
[2019.09.19-03.20.10:060][947]  AnimGA
[2019.09.19-03.20.10:060][947]Launching UnrealBuildTool... [C:/Program Files/Epic Games/UE_4.22/Engine/Binaries/DotNET/UnrealBuildTool.exe  -ModuleWithSuffix=AnimGA,3705 Win64 Development -TargetType=Editor -Project="C:/Users/Alexandre/Desktop/AnimGA/AnimGA.uproject" "C:/Users/Alexandre/Desktop/AnimGA/AnimGA.uproject"  -IgnoreJunk]
[2019.09.19-03.20.10:064][947]Warning: Starting HotReload took  0.0s.
[2019.09.19-03.20.25:189][333]CompilerResultsLog: New page: Compilation - Sep 18, 2019, 9:20:25 PM
[2019.09.19-03.20.25:189][333]CompilerResultsLog: Creating makefile for AnimGAEditor (ini files are newer than makefile)
[2019.09.19-03.20.25:189][333]CompilerResultsLog: Parsing headers for AnimGAEditor
[2019.09.19-03.20.25:189][333]CompilerResultsLog:   Running UnrealHeaderTool "C:\Users\Alexandre\Desktop\AnimGA\AnimGA.uproject" "C:\Users\Alexandre\Desktop\AnimGA\Intermediate\Build\Win64\AnimGAEditor\Development\AnimGAEditor.uhtmanifest" -LogCmds="loginit warning, logexit warning, logdatabase error" -Unattended -WarningsAsErrors -installed
[2019.09.19-03.20.25:189][333]CompilerResultsLog: Reflection code generated for AnimGAEditor in 7,5053286 seconds
[2019.09.19-03.20.25:189][333]CompilerResultsLog: Using Visual Studio 2017 14.16.27023 toolchain (C:\Program Files (x86)\Microsoft Visual Studio\2017\Community\VC\Tools\MSVC\14.16.27023) and Windows 10.0.17763.0 SDK (C:\Program Files (x86)\Windows Kits\10).
[2019.09.19-03.20.25:190][333]CompilerResultsLog: Building 6 actions with 8 processes...
[2019.09.19-03.20.25:190][333]CompilerResultsLog:   [1/6] AnimGA.init.gen.cpp
[2019.09.19-03.20.25:190][333]CompilerResultsLog:   [2/6] SpectralVisualizer.gen.cpp
[2019.09.19-03.20.25:190][333]CompilerResultsLog:   [3/6] SpectralVisualizer.cpp
[2019.09.19-03.20.25:190][333]CompilerResultsLog:   [4/6] UE4Editor-AnimGA-3705.lib
[2019.09.19-03.20.25:190][333]CompilerResultsLog:      Criando biblioteca C:\Users\Alexandre\Desktop\AnimGA\Intermediate\Build\Win64\UE4Editor\Development\AnimGA\UE4Editor-AnimGA-3705.lib e objeto C:\Users\Alexandre\Desktop\AnimGA\Intermediate\Build\Win64\UE4Editor\Development\AnimGA\UE4Editor-AnimGA-3705.exp
[2019.09.19-03.20.25:190][333]CompilerResultsLog:   [5/6] UE4Editor-AnimGA-3705.dll
[2019.09.19-03.20.25:190][333]CompilerResultsLog:      Criando biblioteca C:\Users\Alexandre\Desktop\AnimGA\Intermediate\Build\Win64\UE4Editor\Development\AnimGA\UE4Editor-AnimGA-3705.suppressed.lib e objeto C:\Users\Alexandre\Desktop\AnimGA\Intermediate\Build\Win64\UE4Editor\Development\AnimGA\UE4Editor-AnimGA-3705.suppressed.exp
[2019.09.19-03.20.25:190][333]CompilerResultsLog:   [6/6] AnimGAEditor.target
[2019.09.19-03.20.25:190][333]CompilerResultsLog: Total time in Parallel executor: 4,79 seconds
[2019.09.19-03.20.25:190][333]CompilerResultsLog: Total execution time: 14,92 seconds
[2019.09.19-03.20.25:190][333]LogMainFrame: MainFrame: Module compiling took 15.133 seconds
[2019.09.19-03.20.25:227][333]LogUObjectHash: Compacting FUObjectHashTables data took   0.72ms
[2019.09.19-03.20.25:247][333]LogClass: Could not find existing class SpectralVisualizer in package /Script/AnimGA for HotReload, assuming new class
[2019.09.19-03.20.25:260][333]LogHotReload: Re-instancing SpectralVisualizer after hot-reload.
[2019.09.19-03.20.25:353][333]LogContentBrowser: Native class hierarchy updated for 'AnimGA' in 0.0005 seconds. Added 2 classes and 2 folders.
[2019.09.19-03.20.25:356][333]Display: HotReload successful (0 functions remapped  0 scriptstructs remapped)
[2019.09.19-03.20.25:476][333]LogUObjectHash: Compacting FUObjectHashTables data took   1.56ms
[2019.09.19-03.20.25:491][333]LogContentBrowser: Native class hierarchy populated in 0.0097 seconds. Added 2740 classes and 668 folders.
[2019.09.19-03.20.25:491][333]Display: HotReload took 15.4s.
[2019.09.19-03.20.29:047][445]LogTemp: Repeating last play command: Selected Viewport
[2019.09.19-03.20.29:061][445]LogBlueprintUserMessages: Early PlayInEditor Detection: Level '/Game/Untitled.Untitled:PersistentLevel' has LevelScriptBlueprint '/Game/Untitled.Untitled:PersistentLevel.Untitled' with GeneratedClass '/Game/Untitled.Untitled_C' with ClassGeneratedBy '/Game/Untitled.Untitled:PersistentLevel.Untitled'
[2019.09.19-03.20.29:061][445]LogPlayLevel: PlayLevel: No blueprints needed recompiling
[2019.09.19-03.20.29:062][445]PIE: New page: PIE session: Untitled (Sep 18, 2019, 9:20:29 PM)
[2019.09.19-03.20.29:074][445]LogPlayLevel: Creating play world package: /Game/UEDPIE_0_Untitled
[2019.09.19-03.20.29:078][445]LogPlayLevel: PIE: StaticDuplicateObject took: (0.004033s)
[2019.09.19-03.20.29:079][445]LogAIModule: Creating AISystem for world Untitled
[2019.09.19-03.20.29:079][445]LogPlayLevel: PIE: World Init took: (0.001175s)
[2019.09.19-03.20.29:080][445]LogPlayLevel: PIE: Created PIE world by copying editor world from /Game/Untitled.Untitled to /Game/UEDPIE_0_Untitled.Untitled (0.005617s)
[2019.09.19-03.20.29:100][445]LogUObjectHash: Compacting FUObjectHashTables data took   1.39ms
[2019.09.19-03.20.29:134][445]LogInit: XAudio2 using 'Alto-falantes (HyperX Cloud Revolver S)' : 2 channels at 48 kHz using 16 bits per sample (channel mask 0x3)
[2019.09.19-03.20.29:147][445]LogInit: FAudioDevice initialized.
[2019.09.19-03.20.29:191][445]LogLoad: Game class is 'GameModeBase'
[2019.09.19-03.20.29:193][445]LogWorld: Bringing World /Game/UEDPIE_0_Untitled.Untitled up for play (max tick rate 0) at 2019.09.19-00.20.29
[2019.09.19-03.20.29:194][445]LogWorld: Bringing up level for play took: 0.001769
[2019.09.19-03.20.29:257][445]LogContentBrowser: Native class hierarchy updated for 'MovieSceneCapture' in 0.0005 seconds. Added 20 classes and 0 folders.
[2019.09.19-03.20.29:258][445]PIE: Play in editor start time for /Game/UEDPIE_0_Untitled 0.136
[2019.09.19-03.20.29:258][445]LogBlueprintUserMessages: Late PlayInEditor Detection: Level '/Game/Untitled.Untitled:PersistentLevel' has LevelScriptBlueprint '/Game/Untitled.Untitled:PersistentLevel.Untitled' with GeneratedClass '/Game/Untitled.Untitled_C' with ClassGeneratedBy '/Game/Untitled.Untitled:PersistentLevel.Untitled'
[2019.09.19-03.20.30:853][446]LogWindows: Error: === Critical error: ===
[2019.09.19-03.20.30:853][446]LogWindows: Error: 
[2019.09.19-03.20.30:853][446]LogWindows: Error: Fatal error!
[2019.09.19-03.20.30:853][446]LogWindows: Error: 
[2019.09.19-03.20.30:853][446]LogWindows: Error: Unhandled Exception: EXCEPTION_ACCESS_VIOLATION reading address 0xffffffff
[2019.09.19-03.20.30:853][446]LogWindows: Error: 
[2019.09.19-03.20.30:853][446]LogWindows: Error: [Callstack] 0x00007ff8c3ca372c ucrtbase.dll!UnknownFunction []
[2019.09.19-03.20.30:853][446]LogWindows: Error: [Callstack] 0x00007ff8c3c85e96 ucrtbase.dll!UnknownFunction []
[2019.09.19-03.20.30:853][446]LogWindows: Error: [Callstack] 0x00007ff8c3c85241 ucrtbase.dll!UnknownFunction []
[2019.09.19-03.20.30:853][446]LogWindows: Error: [Callstack] 0x00007ff88bc198a7 UE4Editor-Core.dll!UnknownFunction []
[2019.09.19-03.20.30:853][446]LogWindows: Error: [Callstack] 0x00007ff8510f2d84 UE4Editor-AnimGA-3705.dll!ASpectralVisualizer::Tick() [c:\users\alexandre\desktop\animga\source\animga\spectralvisualizer.cpp:62]
[2019.09.19-03.20.30:853][446]LogWindows: Error: [Callstack] 0x00007ff8789cfea2 UE4Editor-Engine.dll!UnknownFunction []
[2019.09.19-03.20.30:853][446]LogWindows: Error: [Callstack] 0x00007ff87899aeed UE4Editor-Engine.dll!UnknownFunction []
[2019.09.19-03.20.30:853][446]LogWindows: Error: [Callstack] 0x00007ff8799572bc UE4Editor-Engine.dll!UnknownFunction []
[2019.09.19-03.20.30:853][446]LogWindows: Error: [Callstack] 0x00007ff88bac22d8 UE4Editor-Core.dll!UnknownFunction []
[2019.09.19-03.20.30:853][446]LogWindows: Error: [Callstack] 0x00007ff88bac2563 UE4Editor-Core.dll!UnknownFunction []
[2019.09.19-03.20.30:853][446]LogWindows: Error: [Callstack] 0x00007ff88bad2309 UE4Editor-Core.dll!UnknownFunction []
[2019.09.19-03.20.30:853][446]LogWindows: Error: [Callstack] 0x00007ff87999f9e3 UE4Editor-Engine.dll!UnknownFunction []
[2019.09.19-03.20.30:853][446]LogWindows: Error: [Callstack] 0x00007ff8799abd12 UE4Editor-Engine.dll!UnknownFunction []
[2019.09.19-03.20.30:853][446]LogWindows: Error: [Callstack] 0x00007ff8791cdc4f UE4Editor-Engine.dll!UnknownFunction []
[2019.09.19-03.20.30:853][446]LogWindows: Error: [Callstack] 0x00007ff8791d7e28 UE4Editor-Engine.dll!UnknownFunction []
[2019.09.19-03.20.30:853][446]LogWindows: Error: [Callstack] 0x00007ff86af302f7 UE4Editor-UnrealEd.dll!UnknownFunction []
[2019.09.19-03.20.30:853][446]LogWindows: Error: [Callstack] 0x00007ff86b74d396 UE4Editor-UnrealEd.dll!UnknownFunction []
[2019.09.19-03.20.30:853][446]LogWindows: Error: [Callstack] 0x00007ff736606bb1 UE4Editor.exe!UnknownFunction []
[2019.09.19-03.20.30:853][446]LogWindows: Error: [Callstack] 0x00007ff73661554c UE4Editor.exe!UnknownFunction []
[2019.09.19-03.20.30:853][446]LogWindows: Error: [Callstack] 0x00007ff7366155ca UE4Editor.exe!UnknownFunction []
[2019.09.19-03.20.30:853][446]LogWindows: Error: [Callstack] 0x00007ff73662316c UE4Editor.exe!UnknownFunction []
[2019.09.19-03.20.30:853][446]LogWindows: Error: [Callstack] 0x00007ff736625b8e UE4Editor.exe!UnknownFunction []
[2019.09.19-03.20.30:853][446]LogWindows: Error: [Callstack] 0x00007ff8c6b24034 KERNEL32.DLL!UnknownFunction []
[2019.09.19-03.20.30:853][446]LogWindows: Error: [Callstack] 0x00007ff8c7063691 ntdll.dll!UnknownFunction []
[2019.09.19-03.20.30:853][446]LogWindows: Error: 
[2019.09.19-03.20.30:872][446]LogExit: Executing StaticShutdownAfterError
[2019.09.19-03.20.30:875][446]LogWindows: FPlatformMisc::RequestExit(1)
[2019.09.19-03.20.30:886][446]Log file closed, 09/19/19 00:20:30
